This is pdfTeX, Version 3.141592653-2.6-1.40.26 (MiKTeX 24.4) (preloaded format=pdflatex 2024.6.30)  1 JUL 2024 00:53
entering extended mode
 restricted \write18 enabled.
 file:line:error style messages enabled.
 %&-line parsing enabled.
**"c:/Users/kheir/Desktop/masterunity/My project/thesis_Document/main.tex"
(c:/Users/kheir/Desktop/masterunity/My project/thesis_Document/main.tex
LaTeX2e <2024-06-01> patch level 1
L3 programming layer <2024-05-27>
(C:\Users\kheir\AppData\Local\Programs\MiKTeX\tex/latex/koma-script\scrreprt.cls
Document Class: scrreprt 2023/07/07 v3.41 KOMA-Script document class (report)
(C:\Users\kheir\AppData\Local\Programs\MiKTeX\tex/latex/koma-script\scrkbase.sty
Package: scrkbase 2023/07/07 v3.41 KOMA-Script package (KOMA-Script-dependent basics and keyval usage)
 (C:\Users\kheir\AppData\Local\Programs\MiKTeX\tex/latex/koma-script\scrbase.sty
Package: scrbase 2023/07/07 v3.41 KOMA-Script package (KOMA-Script-independent basics and keyval usage)
 (C:\Users\kheir\AppData\Local\Programs\MiKTeX\tex/latex/koma-script\scrlfile.sty
Package: scrlfile 2023/07/07 v3.41 KOMA-Script package (file load hooks)
 (C:\Users\kheir\AppData\Local\Programs\MiKTeX\tex/latex/koma-script\scrlfile-hook.sty
Package: scrlfile-hook 2023/07/07 v3.41 KOMA-Script package (using LaTeX hooks)
 (C:\Users\kheir\AppData\Local\Programs\MiKTeX\tex/latex/koma-script\scrlogo.sty
Package: scrlogo 2023/07/07 v3.41 KOMA-Script package (logo)
))) (C:\Program Files\MiKTeX\tex/latex/graphics\keyval.sty
Package: keyval 2022/05/29 v1.15 key=value parser (DPC)
\KV@toks@=\toks17
)
Applying: [2021/05/01] Usage of raw or classic option list on input line 252.
Already applied: [0000/00/00] Usage of raw or classic option list on input line 368.
)) (C:\Users\kheir\AppData\Local\Programs\MiKTeX\tex/latex/koma-script\tocbasic.sty
Package: tocbasic 2023/07/07 v3.41 KOMA-Script package (handling toc-files)
\scr@dte@tocline@numberwidth=\skip49
\scr@dte@tocline@numbox=\box52
)
Package tocbasic Info: omitting babel extension for `toc'
(tocbasic)             because of feature `nobabel' available
(tocbasic)             for `toc' on input line 135.
Package scrreprt Info: You've used standard option `12pt'.
(scrreprt)             This is correct!
(scrreprt)             Internally I'm using `fontsize=12pt'.
(scrreprt)             If you'd like to set the option with \KOMAoptions,
(scrreprt)             you'd have to use `fontsize=12pt' there
(scrreprt)             instead of `12pt', too.
Class scrreprt Info: File `scrsize12pt.clo' used to setup font sizes on input line 2688.
 (C:\Users\kheir\AppData\Local\Programs\MiKTeX\tex/latex/koma-script\scrsize12pt.clo
File: scrsize12pt.clo 2023/07/07 v3.41 KOMA-Script font size class option (12pt)
) (C:\Users\kheir\AppData\Local\Programs\MiKTeX\tex/latex/koma-script\typearea.sty
Package: typearea 2023/07/07 v3.41 KOMA-Script package (type area)
\ta@bcor=\skip50
\ta@div=\count194
\ta@hblk=\skip51
\ta@vblk=\skip52
\ta@temp=\skip53
\footheight=\skip54
Package typearea Info: These are the values describing the layout:
(typearea)             DIV  = 12
(typearea)             BCOR = 0.0pt
(typearea)             \paperwidth      = 597.50793pt
(typearea)              \textwidth      = 448.13095pt
(typearea)              DIV departure   = -6%
(typearea)              \evensidemargin = 2.4185pt
(typearea)              \oddsidemargin  = 2.4185pt
(typearea)             \paperheight     = 845.04694pt
(typearea)              \textheight     = 635.5pt
(typearea)              \topmargin      = -41.72441pt
(typearea)              \headheight     = 18.125pt
(typearea)              \headsep        = 21.75pt
(typearea)              \topskip        = 12.0pt
(typearea)              \footskip       = 50.75pt
(typearea)              \baselineskip   = 14.5pt
(typearea)              on input line 1799.
)
\c@part=\count195
\c@chapter=\count196
\c@section=\count197
\c@subsection=\count198
\c@subsubsection=\count199
\c@paragraph=\count266
\c@subparagraph=\count267
\scr@dte@chapter@maxnumwidth=\skip55
Class scrreprt Info: using compatibility default `afterindent=bysign'
(scrreprt)           for `\chapter on input line 5994.
\scr@dte@section@maxnumwidth=\skip56
Class scrreprt Info: using compatibility default `runin=bysign'
(scrreprt)           for `\section on input line 6005.
Class scrreprt Info: using compatibility default `afterindent=bysign'
(scrreprt)           for `\section on input line 6005.
\scr@dte@part@maxnumwidth=\skip57
Class scrreprt Info: using compatibility default `afterindent=true'
(scrreprt)           for `\part on input line 6014.
\scr@dte@subsection@maxnumwidth=\skip58
Class scrreprt Info: using compatibility default `runin=bysign'
(scrreprt)           for `\subsection on input line 6024.
Class scrreprt Info: using compatibility default `afterindent=bysign'
(scrreprt)           for `\subsection on input line 6024.
\scr@dte@subsubsection@maxnumwidth=\skip59
Class scrreprt Info: using compatibility default `runin=bysign'
(scrreprt)           for `\subsubsection on input line 6034.
Class scrreprt Info: using compatibility default `afterindent=bysign'
(scrreprt)           for `\subsubsection on input line 6034.
\scr@dte@paragraph@maxnumwidth=\skip60
Class scrreprt Info: using compatibility default `runin=bysign'
(scrreprt)           for `\paragraph on input line 6045.
Class scrreprt Info: using compatibility default `afterindent=bysign'
(scrreprt)           for `\paragraph on input line 6045.
\scr@dte@subparagraph@maxnumwidth=\skip61
Class scrreprt Info: using compatibility default `runin=bysign'
(scrreprt)           for `\subparagraph on input line 6055.
Class scrreprt Info: using compatibility default `afterindent=bysign'
(scrreprt)           for `\subparagraph on input line 6055.
\abovecaptionskip=\skip62
\belowcaptionskip=\skip63
\c@pti@nb@sid@b@x=\box53
Package tocbasic Info: omitting babel extension for `lof'
(tocbasic)             because of feature `nobabel' available
(tocbasic)             for `lof' on input line 7240.
\scr@dte@figure@maxnumwidth=\skip64
\c@figure=\count268
Package tocbasic Info: omitting babel extension for `lot'
(tocbasic)             because of feature `nobabel' available
(tocbasic)             for `lot' on input line 7257.
\scr@dte@table@maxnumwidth=\skip65
\c@table=\count269
Class scrreprt Info: Redefining `\numberline' on input line 7428.
\bibindent=\dimen141
) (C:\Program Files\MiKTeX\tex/generic/babel\babel.sty
Package: babel 2024/06/02 v24.6 The Babel package
\babel@savecnt=\count270
\U@D=\dimen142
\l@unhyphenated=\language79
 (C:\Program Files\MiKTeX\tex/generic/babel\txtbabel.def)
\bbl@readstream=\read2
\bbl@dirlevel=\count271

*************************************
* Local config file bblopts.cfg used
*
(C:\Program Files\MiKTeX\tex/latex/arabi\bblopts.cfg
File: bblopts.cfg 2005/09/08 v0.1 add Arabic and Farsi to "declared" options of babel
) (C:\Program Files\MiKTeX\tex/latex/babel-english\english.ldf
Language: english 2017/06/06 v3.3r English support from the babel system
Package babel Info: Hyphen rules for 'canadian' set to \l@english
(babel)             (\language0). Reported on input line 102.
Package babel Info: Hyphen rules for 'australian' set to \l@ukenglish
(babel)             (\language73). Reported on input line 105.
Package babel Info: Hyphen rules for 'newzealand' set to \l@ukenglish
(babel)             (\language73). Reported on input line 108.
)) (C:\Program Files\MiKTeX\tex/generic/babel/locale/en\babel-english.tex
Package babel Info: Importing font and identification data for english
(babel)             from babel-en.ini. Reported on input line 11.
) (C:\Program Files\MiKTeX\tex/latex/psnfss\mathptmx.sty
Package: mathptmx 2020/03/25 PSNFSS-v9.3 Times w/ Math, improved (SPQR, WaS) 
LaTeX Font Info:    Redeclaring symbol font `operators' on input line 28.
LaTeX Font Info:    Overwriting symbol font `operators' in version `normal'
(Font)                  OT1/cmr/m/n --> OT1/ztmcm/m/n on input line 28.
LaTeX Font Info:    Overwriting symbol font `operators' in version `bold'
(Font)                  OT1/cmr/bx/n --> OT1/ztmcm/m/n on input line 28.
LaTeX Font Info:    Redeclaring symbol font `letters' on input line 29.
LaTeX Font Info:    Overwriting symbol font `letters' in version `normal'
(Font)                  OML/cmm/m/it --> OML/ztmcm/m/it on input line 29.
LaTeX Font Info:    Overwriting symbol font `letters' in version `bold'
(Font)                  OML/cmm/b/it --> OML/ztmcm/m/it on input line 29.
LaTeX Font Info:    Redeclaring symbol font `symbols' on input line 30.
LaTeX Font Info:    Overwriting symbol font `symbols' in version `normal'
(Font)                  OMS/cmsy/m/n --> OMS/ztmcm/m/n on input line 30.
LaTeX Font Info:    Overwriting symbol font `symbols' in version `bold'
(Font)                  OMS/cmsy/b/n --> OMS/ztmcm/m/n on input line 30.
LaTeX Font Info:    Redeclaring symbol font `largesymbols' on input line 31.
LaTeX Font Info:    Overwriting symbol font `largesymbols' in version `normal'
(Font)                  OMX/cmex/m/n --> OMX/ztmcm/m/n on input line 31.
LaTeX Font Info:    Overwriting symbol font `largesymbols' in version `bold'
(Font)                  OMX/cmex/m/n --> OMX/ztmcm/m/n on input line 31.
\symbold=\mathgroup4
\symitalic=\mathgroup5
LaTeX Font Info:    Redeclaring math alphabet \mathbf on input line 34.
LaTeX Font Info:    Overwriting math alphabet `\mathbf' in version `normal'
(Font)                  OT1/cmr/bx/n --> OT1/ptm/bx/n on input line 34.
LaTeX Font Info:    Overwriting math alphabet `\mathbf' in version `bold'
(Font)                  OT1/cmr/bx/n --> OT1/ptm/bx/n on input line 34.
LaTeX Font Info:    Redeclaring math alphabet \mathit on input line 35.
LaTeX Font Info:    Overwriting math alphabet `\mathit' in version `normal'
(Font)                  OT1/cmr/m/it --> OT1/ptm/m/it on input line 35.
LaTeX Font Info:    Overwriting math alphabet `\mathit' in version `bold'
(Font)                  OT1/cmr/bx/it --> OT1/ptm/m/it on input line 35.
LaTeX Info: Redefining \hbar on input line 50.
) (C:\Program Files\MiKTeX\tex/latex/amsmath\amsmath.sty
Package: amsmath 2024/05/23 v2.17q AMS math features
\@mathmargin=\skip66

For additional information on amsmath, use the `?' option.
(C:\Program Files\MiKTeX\tex/latex/amsmath\amstext.sty
Package: amstext 2021/08/26 v2.01 AMS text
 (C:\Program Files\MiKTeX\tex/latex/amsmath\amsgen.sty
File: amsgen.sty 1999/11/30 v2.0 generic functions
\@emptytoks=\toks18
\ex@=\dimen143
)) (C:\Program Files\MiKTeX\tex/latex/amsmath\amsbsy.sty
Package: amsbsy 1999/11/29 v1.2d Bold Symbols
\pmbraise@=\dimen144
) (C:\Program Files\MiKTeX\tex/latex/amsmath\amsopn.sty
Package: amsopn 2022/04/08 v2.04 operator names
)
\inf@bad=\count272
LaTeX Info: Redefining \frac on input line 233.
\uproot@=\count273
\leftroot@=\count274
LaTeX Info: Redefining \overline on input line 398.
LaTeX Info: Redefining \colon on input line 409.
\classnum@=\count275
\DOTSCASE@=\count276
LaTeX Info: Redefining \ldots on input line 495.
LaTeX Info: Redefining \dots on input line 498.
LaTeX Info: Redefining \cdots on input line 619.
\Mathstrutbox@=\box54
\strutbox@=\box55
LaTeX Info: Redefining \big on input line 721.
LaTeX Info: Redefining \Big on input line 722.
LaTeX Info: Redefining \bigg on input line 723.
LaTeX Info: Redefining \Bigg on input line 724.
\big@size=\dimen145
LaTeX Font Info:    Redeclaring font encoding OML on input line 742.
LaTeX Font Info:    Redeclaring font encoding OMS on input line 743.
\macc@depth=\count277
LaTeX Info: Redefining \bmod on input line 904.
LaTeX Info: Redefining \pmod on input line 909.
LaTeX Info: Redefining \smash on input line 939.
LaTeX Info: Redefining \relbar on input line 969.
LaTeX Info: Redefining \Relbar on input line 970.
\c@MaxMatrixCols=\count278
\dotsspace@=\muskip17
\c@parentequation=\count279
\dspbrk@lvl=\count280
\tag@help=\toks19
\row@=\count281
\column@=\count282
\maxfields@=\count283
\andhelp@=\toks20
\eqnshift@=\dimen146
\alignsep@=\dimen147
\tagshift@=\dimen148
\tagwidth@=\dimen149
\totwidth@=\dimen150
\lineht@=\dimen151
\@envbody=\toks21
\multlinegap=\skip67
\multlinetaggap=\skip68
\mathdisplay@stack=\toks22
LaTeX Info: Redefining \[ on input line 2953.
LaTeX Info: Redefining \] on input line 2954.
) (C:\Program Files\MiKTeX\tex/latex/mathtools\mathtools.sty
Package: mathtools 2024/03/11 v1.30 mathematical typesetting tools
 (C:\Program Files\MiKTeX\tex/latex/tools\calc.sty
Package: calc 2023/07/08 v4.3 Infix arithmetic (KKT,FJ)
\calc@Acount=\count284
\calc@Bcount=\count285
\calc@Adimen=\dimen152
\calc@Bdimen=\dimen153
\calc@Askip=\skip69
\calc@Bskip=\skip70
LaTeX Info: Redefining \setlength on input line 80.
LaTeX Info: Redefining \addtolength on input line 81.
\calc@Ccount=\count286
\calc@Cskip=\skip71
) (C:\Program Files\MiKTeX\tex/latex/mathtools\mhsetup.sty
Package: mhsetup 2021/03/18 v1.4 programming setup (MH)
)
\g_MT_multlinerow_int=\count287
\l_MT_multwidth_dim=\dimen154
\origjot=\skip72
\l_MT_shortvdotswithinadjustabove_dim=\dimen155
\l_MT_shortvdotswithinadjustbelow_dim=\dimen156
\l_MT_above_intertext_sep=\dimen157
\l_MT_below_intertext_sep=\dimen158
\l_MT_above_shortintertext_sep=\dimen159
\l_MT_below_shortintertext_sep=\dimen160
\xmathstrut@box=\box56
\xmathstrut@dim=\dimen161
)

LaTeX Warning: \include should only be used after \begin{document} on input line 13.

(Abbreviations.tex (C:\Program Files\MiKTeX\tex/latex/acro\acro.sty (C:\Program Files\MiKTeX\tex/latex/l3packages/l3keys2e\l3keys2e.sty (C:\Program Files\MiKTeX\tex/latex/l3kernel\expl3.sty
Package: expl3 2024-05-27 L3 programming layer (loader) 
 (C:\Program Files\MiKTeX\tex/latex/l3backend\l3backend-pdftex.def
File: l3backend-pdftex.def 2024-05-08 L3 backend support: PDF output (pdfTeX)
\l__color_backend_stack_int=\count288
\l__pdf_internal_box=\box57
))
Package: l3keys2e 2024-05-08 LaTeX2e option processing using LaTeX3 keys
)
Package: acro 2022/04/01 v3.8 typeset acronyms and other abbreviations (CN)
\l__acro_tmpa_int=\count289
\l__acro_tmpb_int=\count290
\l__acro_tmpc_int=\count291
\l__acro_tmpd_int=\count292
Loading module `base' ...
Loading module `interface' ...
Loading module `aux' ...
Loading module `properties' ...
Loading module `acronyms' ...
Loading module `formatting' ...
Loading module `ppfixes' ...
Loading module `tools' ...
\l__acro_minimal_usage_int=\count293
\l__acro_nest_int=\count294
\g_acro_barrier_int=\count295
\g_acro_barrier_total_int=\count296
Loading module `commands' ...
\l_acro_nest_level_int=\count297
Loading module `templates' ...
Loading module `list' ...
Loading module `pages' ...
\l__acro_pages_seq_threshold_int=\count298
Loading module `locale' ...
 (C:\Program Files\MiKTeX\tex/latex/translations\translations.sty
Package: translations 2022/02/05 v1.12 internationalization of LaTeX2e packages (CN)
 (C:\Program Files\MiKTeX\tex/latex/etoolbox\etoolbox.sty
Package: etoolbox 2020/10/05 v2.5k e-TeX tools for LaTeX (JAW)
\etb@tempcnta=\count299
) (C:\Program Files\MiKTeX\tex/generic/pdftexcmds\pdftexcmds.sty
Package: pdftexcmds 2020-06-27 v0.33 Utility functions of pdfTeX for LuaTeX (HO)
 (C:\Users\kheir\AppData\Local\Programs\MiKTeX\tex/generic/infwarerr\infwarerr.sty
Package: infwarerr 2019/12/03 v1.5 Providing info/warning/error messages (HO)
) (C:\Program Files\MiKTeX\tex/generic/iftex\iftex.sty
Package: iftex 2022/02/03 v1.0f TeX engine tests
) (C:\Users\kheir\AppData\Local\Programs\MiKTeX\tex/generic/ltxcmds\ltxcmds.sty
Package: ltxcmds 2023-12-04 v1.26 LaTeX kernel commands for general use (HO)
)
Package pdftexcmds Info: \pdf@primitive is available.
Package pdftexcmds Info: \pdf@ifprimitive is available.
Package pdftexcmds Info: \pdfdraftmode found.
))
Loading module `pdfsupport' ...
Loading module `patch' ...
Loading module `definitions' ...
Loading module `upgrade' ...
)
\c@g@acro@VR@int=\count300
\c@g@acro@TAM@int=\count301
\c@g@acro@HP@int=\count302
\c@g@acro@GPU@int=\count303
\c@g@acro@FH@int=\count304
\c@g@acro@CP@int=\count305
\c@g@acro@DC@int=\count306
\c@g@acro@CC@int=\count307
\c@g@acro@WPM@int=\count308
\c@g@acro@ER@int=\count309
\c@g@acro@HCI@int=\count310
\c@g@acro@AI@int=\count311
\c@g@acro@ML@int=\count312
\c@g@acro@AHAP@int=\count313
\c@g@acro@HMD@int=\count314
\c@g@acro@DoF@int=\count315
\c@g@acro@LCD@int=\count316
\c@g@acro@OLED@int=\count317
\c@g@acro@AMOLED@int=\count318
\c@g@acro@SDK@int=\count319
\c@g@acro@UI@int=\count320
\c@g@acro@XR@int=\count321
\c@g@acro@FFB@int=\count322
) (C:\Program Files\MiKTeX\tex/latex/base\inputenc.sty
Package: inputenc 2024/02/08 v1.3d Input encoding file
\inpenc@prehook=\toks23
\inpenc@posthook=\toks24
) (C:\Program Files\MiKTeX\tex/latex/base\fontenc.sty
Package: fontenc 2021/04/29 v2.0v Standard LaTeX package
LaTeX Font Info:    Trying to load font information for T1+ptm on input line 116.
 (C:\Program Files\MiKTeX\tex/latex/psnfss\t1ptm.fd
File: t1ptm.fd 2001/06/04 font definitions for T1/ptm.
)) (C:\Program Files\MiKTeX\tex/latex/lm\lmodern.sty
Package: lmodern 2015/05/01 v1.6.1 Latin Modern Fonts
LaTeX Font Info:    Overwriting symbol font `operators' in version `normal'
(Font)                  OT1/ztmcm/m/n --> OT1/lmr/m/n on input line 22.
LaTeX Font Info:    Overwriting symbol font `letters' in version `normal'
(Font)                  OML/ztmcm/m/it --> OML/lmm/m/it on input line 23.
LaTeX Font Info:    Overwriting symbol font `symbols' in version `normal'
(Font)                  OMS/ztmcm/m/n --> OMS/lmsy/m/n on input line 24.
LaTeX Font Info:    Overwriting symbol font `largesymbols' in version `normal'
(Font)                  OMX/ztmcm/m/n --> OMX/lmex/m/n on input line 25.
LaTeX Font Info:    Overwriting symbol font `operators' in version `bold'
(Font)                  OT1/ztmcm/m/n --> OT1/lmr/bx/n on input line 26.
LaTeX Font Info:    Overwriting symbol font `letters' in version `bold'
(Font)                  OML/ztmcm/m/it --> OML/lmm/b/it on input line 27.
LaTeX Font Info:    Overwriting symbol font `symbols' in version `bold'
(Font)                  OMS/ztmcm/m/n --> OMS/lmsy/b/n on input line 28.
LaTeX Font Info:    Overwriting symbol font `largesymbols' in version `bold'
(Font)                  OMX/ztmcm/m/n --> OMX/lmex/m/n on input line 29.
LaTeX Font Info:    Overwriting math alphabet `\mathbf' in version `normal'
(Font)                  OT1/ptm/bx/n --> OT1/lmr/bx/n on input line 31.
LaTeX Font Info:    Overwriting math alphabet `\mathsf' in version `normal'
(Font)                  OT1/cmss/m/n --> OT1/lmss/m/n on input line 32.
LaTeX Font Info:    Overwriting math alphabet `\mathit' in version `normal'
(Font)                  OT1/ptm/m/it --> OT1/lmr/m/it on input line 33.
LaTeX Font Info:    Overwriting math alphabet `\mathtt' in version `normal'
(Font)                  OT1/cmtt/m/n --> OT1/lmtt/m/n on input line 34.
LaTeX Font Info:    Overwriting math alphabet `\mathbf' in version `bold'
(Font)                  OT1/ptm/bx/n --> OT1/lmr/bx/n on input line 35.
LaTeX Font Info:    Overwriting math alphabet `\mathsf' in version `bold'
(Font)                  OT1/cmss/bx/n --> OT1/lmss/bx/n on input line 36.
LaTeX Font Info:    Overwriting math alphabet `\mathit' in version `bold'
(Font)                  OT1/ptm/m/it --> OT1/lmr/bx/it on input line 37.
LaTeX Font Info:    Overwriting math alphabet `\mathtt' in version `bold'
(Font)                  OT1/cmtt/m/n --> OT1/lmtt/m/n on input line 38.
) (C:\Program Files\MiKTeX\tex/latex/setspace\setspace.sty
Package: setspace 2022/12/04 v6.7b set line spacing
) (C:\Program Files\MiKTeX\tex/latex/geometry\geometry.sty
Package: geometry 2020/01/02 v5.9 Page Geometry
 (C:\Program Files\MiKTeX\tex/generic/iftex\ifvtex.sty
Package: ifvtex 2019/10/25 v1.7 ifvtex legacy package. Use iftex instead.
)
\Gm@cnth=\count323
\Gm@cntv=\count324
\c@Gm@tempcnt=\count325
\Gm@bindingoffset=\dimen162
\Gm@wd@mp=\dimen163
\Gm@odd@mp=\dimen164
\Gm@even@mp=\dimen165
\Gm@layoutwidth=\dimen166
\Gm@layoutheight=\dimen167
\Gm@layouthoffset=\dimen168
\Gm@layoutvoffset=\dimen169
\Gm@dimlist=\toks25
 (C:\Program Files\MiKTeX\tex/latex/geometry\geometry.cfg)) (C:\Program Files\MiKTeX\tex/latex/lettrine\lettrine.sty
File: lettrine.sty 2024-01-20 v2.60 (Daniel Flipo)
 (C:\Program Files\MiKTeX\tex/latex/l3packages/xfp\xfp.sty
Package: xfp 2024-05-08 L3 Floating point unit
)
\c@DefaultLines=\count326
\c@DefaultDepth=\count327
\DefaultFindent=\dimen170
\DefaultNindent=\dimen171
\DefaultSlope=\dimen172
\DiscardVskip=\dimen173
\L@lettrine=\box58
\L@lbox=\box59
\L@tbox=\box60
\c@L@lines=\count328
\c@L@depth=\count329
\L@Pindent=\dimen174
\L@Findent=\dimen175
\L@Nindent=\dimen176
\L@lraise=\dimen177
\L@first=\dimen178
\L@next=\dimen179
\L@slope=\dimen180
\L@height=\dimen181
\L@novskip=\dimen182
\L@ruleht=\dimen183
\L@target@ht=\dimen184
\L@target@dp=\dimen185
\L@target@tht=\dimen186
\LettrineWidth=\dimen187
\LettrineHeight=\dimen188
\LettrineDepth=\dimen189

Loading lettrine.cfg
(C:\Program Files\MiKTeX\tex/latex/lettrine\lettrine.cfg)
\Llist@everypar=\toks26
) (C:\Users\kheir\AppData\Local\Programs\MiKTeX\tex/latex/caption\subcaption.sty
Package: subcaption 2023/07/28 v1.6b Sub-captions (AR)
 (C:\Users\kheir\AppData\Local\Programs\MiKTeX\tex/latex/caption\caption.sty
Package: caption 2023/08/05 v3.6o Customizing captions (AR)
 (C:\Users\kheir\AppData\Local\Programs\MiKTeX\tex/latex/caption\caption3.sty
Package: caption3 2023/07/31 v2.4d caption3 kernel (AR)
\caption@tempdima=\dimen190
\captionmargin=\dimen191
\caption@leftmargin=\dimen192
\caption@rightmargin=\dimen193
\caption@width=\dimen194
\caption@indent=\dimen195
\caption@parindent=\dimen196
\caption@hangindent=\dimen197
Package caption Info: KOMA-Script document class detected.
 (C:\Users\kheir\AppData\Local\Programs\MiKTeX\tex/latex/caption\caption-koma.sto
File: caption-koma.sto 2023/09/08 v2.0e Adaption of the caption package to the KOMA-Script document classes (AR)
))
\c@caption@flags=\count330
\c@continuedfloat=\count331
Package caption Info: KOMA-Script scrextend package detected.
\caption@addmargin@hsize=\dimen198
\caption@addmargin@linewidth=\dimen199
)
Package caption Info: New subtype `subfigure' on input line 238.
\c@subfigure=\count332
Package caption Info: New subtype `subtable' on input line 238.
\c@subtable=\count333
) (C:\Program Files\MiKTeX\tex/latex/hyperref\hyperref.sty
Package: hyperref 2024-05-23 v7.01i Hypertext links for LaTeX
 (C:\Users\kheir\AppData\Local\Programs\MiKTeX\tex/latex/kvsetkeys\kvsetkeys.sty
Package: kvsetkeys 2022-10-05 v1.19 Key value parser (HO)
) (C:\Users\kheir\AppData\Local\Programs\MiKTeX\tex/generic/kvdefinekeys\kvdefinekeys.sty
Package: kvdefinekeys 2019-12-19 v1.6 Define keys (HO)
) (C:\Users\kheir\AppData\Local\Programs\MiKTeX\tex/generic/pdfescape\pdfescape.sty
Package: pdfescape 2019/12/09 v1.15 Implements pdfTeX's escape features (HO)
) (C:\Users\kheir\AppData\Local\Programs\MiKTeX\tex/latex/hycolor\hycolor.sty
Package: hycolor 2020-01-27 v1.10 Color options for hyperref/bookmark (HO)
) (C:\Program Files\MiKTeX\tex/latex/hyperref\nameref.sty
Package: nameref 2023-11-26 v2.56 Cross-referencing by name of section
 (C:\Users\kheir\AppData\Local\Programs\MiKTeX\tex/latex/refcount\refcount.sty
Package: refcount 2019/12/15 v3.6 Data extraction from label references (HO)
) (C:\Users\kheir\AppData\Local\Programs\MiKTeX\tex/generic/gettitlestring\gettitlestring.sty
Package: gettitlestring 2019/12/15 v1.6 Cleanup title references (HO)
 (C:\Users\kheir\AppData\Local\Programs\MiKTeX\tex/latex/kvoptions\kvoptions.sty
Package: kvoptions 2022-06-15 v3.15 Key value format for package options (HO)
))
\c@section@level=\count334
) (C:\Program Files\MiKTeX\tex/generic/stringenc\stringenc.sty
Package: stringenc 2019/11/29 v1.12 Convert strings between diff. encodings (HO)
)
\@linkdim=\dimen256
\Hy@linkcounter=\count335
\Hy@pagecounter=\count336
 (C:\Program Files\MiKTeX\tex/latex/hyperref\pd1enc.def
File: pd1enc.def 2024-05-23 v7.01i Hyperref: PDFDocEncoding definition (HO)
Now handling font encoding PD1 ...
... no UTF-8 mapping file for font encoding PD1
) (C:\Users\kheir\AppData\Local\Programs\MiKTeX\tex/generic/intcalc\intcalc.sty
Package: intcalc 2019/12/15 v1.3 Expandable calculations with integers (HO)
)
\Hy@SavedSpaceFactor=\count337
 (C:\Program Files\MiKTeX\tex/latex/hyperref\puenc.def
File: puenc.def 2024-05-23 v7.01i Hyperref: PDF Unicode definition (HO)
Now handling font encoding PU ...
... no UTF-8 mapping file for font encoding PU
)
Package hyperref Info: Hyper figures OFF on input line 4157.
Package hyperref Info: Link nesting OFF on input line 4162.
Package hyperref Info: Hyper index ON on input line 4165.
Package hyperref Info: Plain pages OFF on input line 4172.
Package hyperref Info: Backreferencing OFF on input line 4177.
Package hyperref Info: Implicit mode ON; LaTeX internals redefined.
Package hyperref Info: Bookmarks ON on input line 4424.
\c@Hy@tempcnt=\count338
 (C:\Program Files\MiKTeX\tex/latex/url\url.sty
\Urlmuskip=\muskip18
Package: url 2013/09/16  ver 3.4  Verb mode for urls, etc.
)
LaTeX Info: Redefining \url on input line 4763.
\XeTeXLinkMargin=\dimen257
 (C:\Users\kheir\AppData\Local\Programs\MiKTeX\tex/generic/bitset\bitset.sty
Package: bitset 2019/12/09 v1.3 Handle bit-vector datatype (HO)
 (C:\Users\kheir\AppData\Local\Programs\MiKTeX\tex/generic/bigintcalc\bigintcalc.sty
Package: bigintcalc 2019/12/15 v1.5 Expandable calculations on big integers (HO)
))
\Fld@menulength=\count339
\Field@Width=\dimen258
\Fld@charsize=\dimen259
Package hyperref Info: Hyper figures OFF on input line 6042.
Package hyperref Info: Link nesting OFF on input line 6047.
Package hyperref Info: Hyper index ON on input line 6050.
Package hyperref Info: backreferencing OFF on input line 6057.
Package hyperref Info: Link coloring OFF on input line 6062.
Package hyperref Info: Link coloring with OCG OFF on input line 6067.
Package hyperref Info: PDF/A mode OFF on input line 6072.
 (C:\Program Files\MiKTeX\tex/latex/base\atbegshi-ltx.sty
Package: atbegshi-ltx 2021/01/10 v1.0c Emulation of the original atbegshi
package with kernel methods
)
\Hy@abspage=\count340
\c@Item=\count341
\c@Hfootnote=\count342
)
Package hyperref Info: Driver (autodetected): hpdftex.
 (C:\Program Files\MiKTeX\tex/latex/hyperref\hpdftex.def
File: hpdftex.def 2024-05-23 v7.01i Hyperref driver for pdfTeX
 (C:\Program Files\MiKTeX\tex/latex/base\atveryend-ltx.sty
Package: atveryend-ltx 2020/08/19 v1.0a Emulation of the original atveryend package
with kernel methods
)
\Fld@listcount=\count343
\c@bookmark@seq@number=\count344
 (C:\Users\kheir\AppData\Local\Programs\MiKTeX\tex/latex/rerunfilecheck\rerunfilecheck.sty
Package: rerunfilecheck 2022-07-10 v1.10 Rerun checks for auxiliary files (HO)
 (C:\Users\kheir\AppData\Local\Programs\MiKTeX\tex/generic/uniquecounter\uniquecounter.sty
Package: uniquecounter 2019/12/15 v1.4 Provide unlimited unique counter (HO)
)
Package uniquecounter Info: New unique counter `rerunfilecheck' on input line 285.
)
\Hy@SectionHShift=\skip73
)
Package hyperref Info: Option `colorlinks' set `true' on input line 29.
 (C:\Program Files\MiKTeX\tex/generic/iftex\ifpdf.sty
Package: ifpdf 2019/10/25 v3.4 ifpdf legacy package. Use iftex instead.
) (C:\Program Files\MiKTeX\tex/latex/graphics\graphicx.sty
Package: graphicx 2021/09/16 v1.2d Enhanced LaTeX Graphics (DPC,SPQR)
 (C:\Program Files\MiKTeX\tex/latex/graphics\graphics.sty
Package: graphics 2024/05/23 v1.4g Standard LaTeX Graphics (DPC,SPQR)
 (C:\Program Files\MiKTeX\tex/latex/graphics\trig.sty
Package: trig 2023/12/02 v1.11 sin cos tan (DPC)
) (C:\Program Files\MiKTeX\tex/latex/graphics-cfg\graphics.cfg
File: graphics.cfg 2016/06/04 v1.11 sample graphics configuration
)
Package graphics Info: Driver file: pdftex.def on input line 106.
 (C:\Program Files\MiKTeX\tex/latex/graphics-def\pdftex.def
File: pdftex.def 2024/04/13 v1.2c Graphics/color driver for pdftex
))
\Gin@req@height=\dimen260
\Gin@req@width=\dimen261
) (C:\Users\kheir\AppData\Local\Programs\MiKTeX\tex/latex/koma-script\scrlayer-scrpage.sty
Package: scrlayer-scrpage 2023/07/07 v3.41 KOMA-Script package (end user interface for scrlayer)
 (C:\Users\kheir\AppData\Local\Programs\MiKTeX\tex/latex/koma-script\scrlayer.sty
Package: scrlayer 2023/07/07 v3.41 KOMA-Script package (defining layers and page styles)
Package scrlayer Info: patching LaTeX kernel macro \pagestyle on input line 2183.
)
Package scrlayer-scrpage Info: Makeing stand-alone element `pagehead' from
(scrlayer-scrpage)             alias to `pageheadfoot' on input line 1106.
) (C:\Program Files\MiKTeX\tex/latex/pdfpages\pdfpages.sty
Package: pdfpages 2024/05/29 v0.6a Insert pages of external PDF documents (AM)
 (C:\Program Files\MiKTeX\tex/latex/base\ifthen.sty
Package: ifthen 2024/03/16 v1.1e Standard LaTeX ifthen package (DPC)
) (C:\Program Files\MiKTeX\tex/latex/eso-pic\eso-pic.sty
Package: eso-pic 2023/05/03 v3.0c eso-pic (RN)
\ESO@tempdima=\dimen262
\ESO@tempdimb=\dimen263
 (C:\Program Files\MiKTeX\tex/latex/xcolor\xcolor.sty
Package: xcolor 2023/11/15 v3.01 LaTeX color extensions (UK)
 (C:\Program Files\MiKTeX\tex/latex/graphics-cfg\color.cfg
File: color.cfg 2016/01/02 v1.6 sample color configuration
)
Package xcolor Info: Driver file: pdftex.def on input line 274.
 (C:\Program Files\MiKTeX\tex/latex/graphics\mathcolor.ltx)
Package xcolor Info: Model `cmy' substituted by `cmy0' on input line 1350.
Package xcolor Info: Model `hsb' substituted by `rgb' on input line 1354.
Package xcolor Info: Model `RGB' extended on input line 1366.
Package xcolor Info: Model `HTML' substituted by `rgb' on input line 1368.
Package xcolor Info: Model `Hsb' substituted by `hsb' on input line 1369.
Package xcolor Info: Model `tHsb' substituted by `hsb' on input line 1370.
Package xcolor Info: Model `HSB' substituted by `hsb' on input line 1371.
Package xcolor Info: Model `Gray' substituted by `gray' on input line 1372.
Package xcolor Info: Model `wave' substituted by `hsb' on input line 1373.
))
\AM@pagewidth=\dimen264
\AM@pageheight=\dimen265
\AM@fboxrule=\dimen266
 (C:\Program Files\MiKTeX\tex/latex/pdfpages\pppdftex.def
File: pppdftex.def 2024/05/29 v0.6a Pdfpages driver for pdfTeX (AM)
)
\pdfpages@includegraphics@status=\count345
\AM@pagebox=\box61
\AM@global@opts=\toks27
\AM@pagecnt=\count346
\AM@toc@title=\toks28
\AM@lof@heading=\toks29
\c@AM@survey=\count347
\AM@templatesizebox=\box62
) (C:\Program Files\MiKTeX\tex/latex/graphics\lscape.sty
Package: lscape 2020/05/28 v3.02 Landscape Pages (DPC)
)

Package scrlayer-scrpage Warning: replacing deprecated \clearscrheadfoot by
(scrlayer-scrpage)                \clearpairofpagestyles on input line 55.

LaTeX Font Info:    Trying to load font information for T1+lmr on input line 69.
(C:\Program Files\MiKTeX\tex/latex/lm\t1lmr.fd
File: t1lmr.fd 2015/05/01 v1.6.1 Font defs for Latin Modern
) (main.aux (Introduction/introdution.aux) (Background/Background.aux) (Approach/Approach.aux) (HapticImplementation/hapticImplementation.aux) (Development/HardwareSelection.aux

LaTeX Warning: Label `sec:Summary' multiply defined.

) (Development/Conception.aux

LaTeX Warning: Label `fig:keyboard_sin' multiply defined.


LaTeX Warning: Label `fig:enter-label' multiply defined.


LaTeX Warning: Label `fig:keyboard_sin' multiply defined.

) (Scenario/Scenario.aux

LaTeX Warning: Label `fig:mrtk_keyboard' multiply defined.

) (DiscussionResults/discussionResutts.aux))
\openout1 = `main.aux'.

LaTeX Font Info:    Checking defaults for OML/cmm/m/it on input line 69.
LaTeX Font Info:    ... okay on input line 69.
LaTeX Font Info:    Checking defaults for OMS/cmsy/m/n on input line 69.
LaTeX Font Info:    ... okay on input line 69.
LaTeX Font Info:    Checking defaults for OT1/cmr/m/n on input line 69.
LaTeX Font Info:    ... okay on input line 69.
LaTeX Font Info:    Checking defaults for T1/cmr/m/n on input line 69.
LaTeX Font Info:    ... okay on input line 69.
LaTeX Font Info:    Checking defaults for TS1/cmr/m/n on input line 69.
LaTeX Font Info:    ... okay on input line 69.
LaTeX Font Info:    Checking defaults for OMX/cmex/m/n on input line 69.
LaTeX Font Info:    ... okay on input line 69.
LaTeX Font Info:    Checking defaults for U/cmr/m/n on input line 69.
LaTeX Font Info:    ... okay on input line 69.
LaTeX Font Info:    Checking defaults for PD1/pdf/m/n on input line 69.
LaTeX Font Info:    ... okay on input line 69.
LaTeX Font Info:    Checking defaults for PU/pdf/m/n on input line 69.
LaTeX Font Info:    ... okay on input line 69.
Package scrbase Info: activating english \abstractname on input line 69.
Package scrbase Info: activating english \partname on input line 69.
Package scrbase Info: activating english \chaptername on input line 69.
Package scrbase Info: activating english \appendixname on input line 69.
Package scrbase Info: activating english \figurename on input line 69.
Package scrbase Info: activating english \tablename on input line 69.
Package scrbase Info: activating english \contentsname on input line 69.
Package scrbase Info: activating english \listfigurename on input line 69.
Package scrbase Info: activating english \listtablename on input line 69.
Package scrbase Info: activating english \bibname on input line 69.
Package scrbase Info: activating english \indexname on input line 69.
 (C:\Program Files\MiKTeX\tex/latex/translations/dicts\translations-basic-dictionary-english.trsl
File: translations-basic-dictionary-english.trsl (english translation file `translations-basic-dictionary')
)
Package translations Info: loading dictionary `translations-basic-dictionary' for `english'. on input line 69.

*geometry* driver: auto-detecting
*geometry* detected driver: pdftex
*geometry* verbose mode - [ preamble ] result:
* driver: pdftex
* paper: <default>
* layout: <same size as paper>
* layoutoffset:(h,v)=(0.0pt,0.0pt)
* modes: 
* h-part:(L,W,R)=(89.6271pt, 418.25372pt, 89.6271pt)
* v-part:(T,H,B)=(101.40665pt, 591.53027pt, 152.11002pt)
* \paperwidth=597.50793pt
* \paperheight=845.04694pt
* \textwidth=418.25372pt
* \textheight=591.53027pt
* \oddsidemargin=17.35712pt
* \evensidemargin=17.35712pt
* \topmargin=-10.73834pt
* \headheight=18.125pt
* \headsep=21.75pt
* \topskip=12.0pt
* \footskip=50.75pt
* \marginparwidth=49.79233pt
* \marginparsep=12.8401pt
* \columnsep=10.0pt
* \skip\footins=10.8pt plus 4.0pt minus 2.0pt
* \hoffset=0.0pt
* \voffset=0.0pt
* \mag=1000
* \@twocolumnfalse
* \@twosidefalse
* \@mparswitchfalse
* \@reversemarginfalse
* (1in=72.27pt=25.4mm, 1cm=28.453pt)

Package caption Info: Begin \AtBeginDocument code.
Package caption Info: hyperref package is loaded.
Package caption Info: End \AtBeginDocument code.
Package hyperref Info: Link coloring ON on input line 69.
(main.out) (main.out)
\@outlinefile=\write3
\openout3 = `main.out'.

Class scrreprt Info: loading recommended package `bookmark'.
(scrreprt)           Using `bookmark' together with `hyperref' is recommended,
(scrreprt)           because of handling of possible bookmark level gaps.
(scrreprt)           You can avoid loading `bookmark' with KOMA-Script option
(scrreprt)           `bookmarkpackage=false' before \begin{document} and
(scrreprt)           you can avoid this message adding:
(scrreprt)             \usepackage{bookmark}
(scrreprt)           before \begin{document} on input line 69.
 (C:\Users\kheir\AppData\Local\Programs\MiKTeX\tex/latex/bookmark\bookmark.sty
Package: bookmark 2023-12-10 v1.31 PDF bookmarks (HO)
 (C:\Users\kheir\AppData\Local\Programs\MiKTeX\tex/latex/bookmark\bkm-pdftex.def
File: bkm-pdftex.def 2023-12-10 v1.31 bookmark driver for pdfTeX and luaTeX (HO)
\BKM@id=\count348
)) (C:\Program Files\MiKTeX\tex/context/base/mkii\supp-pdf.mkii
[Loading MPS to PDF converter (version 2006.09.02).]
\scratchcounter=\count349
\scratchdimen=\dimen267
\scratchbox=\box63
\nofMPsegments=\count350
\nofMParguments=\count351
\everyMPshowfont=\toks30
\MPscratchCnt=\count352
\MPscratchDim=\dimen268
\MPnumerator=\count353
\makeMPintoPDFobject=\count354
\everyMPtoPDFconversion=\toks31
) (C:\Program Files\MiKTeX\tex/latex/epstopdf-pkg\epstopdf-base.sty
Package: epstopdf-base 2020-01-24 v2.11 Base part for package epstopdf
Package epstopdf-base Info: Redefining graphics rule for `.eps' on input line 485.
 (C:\Program Files\MiKTeX\tex/latex/00miktex\epstopdf-sys.cfg
File: epstopdf-sys.cfg 2021/03/18 v2.0 Configuration of epstopdf for MiKTeX
)) (C:\Program Files\MiKTeX\tex/latex/pdflscape\pdflscape.sty
Package: pdflscape 2022-10-27 v0.13 Display of landscape pages in PDF
 (C:\Program Files\MiKTeX\tex/latex/pdflscape\pdflscape-nometadata.sty
Package: pdflscape-nometadata 2022-10-28 v0.13 Display of landscape pages in PDF (HO)
Package pdflscape Info: Auto-detected driver: pdftex on input line 81.
))
<graphics/hhn_en.png, id=3, 117.07938pt x 53.53334pt>
File: graphics/hhn_en.png Graphic file (type png)
<use graphics/hhn_en.png>
Package pdftex.def Info: graphics/hhn_en.png  used on input line 72.
(pdftex.def)             Requested size: 117.07907pt x 53.5332pt.
LaTeX Font Info:    Trying to load font information for T1+lmss on input line 72.
 (C:\Program Files\MiKTeX\tex/latex/lm\t1lmss.fd
File: t1lmss.fd 2015/05/01 v1.6.1 Font defs for Latin Modern
)
LaTeX Font Info:    Trying to load font information for OT1+lmr on input line 72.
 (C:\Program Files\MiKTeX\tex/latex/lm\ot1lmr.fd
File: ot1lmr.fd 2015/05/01 v1.6.1 Font defs for Latin Modern
)
LaTeX Font Info:    Trying to load font information for OML+lmm on input line 72.
 (C:\Program Files\MiKTeX\tex/latex/lm\omllmm.fd
File: omllmm.fd 2015/05/01 v1.6.1 Font defs for Latin Modern
)
LaTeX Font Info:    Trying to load font information for OMS+lmsy on input line 72.
 (C:\Program Files\MiKTeX\tex/latex/lm\omslmsy.fd
File: omslmsy.fd 2015/05/01 v1.6.1 Font defs for Latin Modern
)
LaTeX Font Info:    Trying to load font information for OMX+lmex on input line 72.
 (C:\Program Files\MiKTeX\tex/latex/lm\omxlmex.fd
File: omxlmex.fd 2015/05/01 v1.6.1 Font defs for Latin Modern
)
LaTeX Font Info:    External font `lmex10' loaded for size
(Font)              <17.28> on input line 72.
LaTeX Font Info:    External font `lmex10' loaded for size
(Font)              <12> on input line 72.
LaTeX Font Info:    External font `lmex10' loaded for size
(Font)              <10> on input line 72.
LaTeX Font Info:    Trying to load font information for OT1+ptm on input line 72.
 (C:\Program Files\MiKTeX\tex/latex/psnfss\ot1ptm.fd
File: ot1ptm.fd 2001/06/04 font definitions for OT1/ptm.
)
LaTeX Font Info:    Font shape `OT1/ptm/bx/n' in size <17.28> not available
(Font)              Font shape `OT1/ptm/b/n' tried instead on input line 72.
LaTeX Font Info:    Font shape `OT1/ptm/bx/n' in size <12> not available
(Font)              Font shape `OT1/ptm/b/n' tried instead on input line 72.
LaTeX Font Info:    Font shape `OT1/ptm/bx/n' in size <10> not available
(Font)              Font shape `OT1/ptm/b/n' tried instead on input line 72.
LaTeX Font Info:    Trying to load font information for TS1+lmr on input line 72.
 (C:\Program Files\MiKTeX\tex/latex/lm\ts1lmr.fd
File: ts1lmr.fd 2015/05/01 v1.6.1 Font defs for Latin Modern
)
LaTeX Font Info:    External font `lmex10' loaded for size
(Font)              <10.95> on input line 72.
LaTeX Font Info:    External font `lmex10' loaded for size
(Font)              <8> on input line 72.
LaTeX Font Info:    External font `lmex10' loaded for size
(Font)              <6> on input line 72.
LaTeX Font Info:    Font shape `OT1/ptm/bx/n' in size <10.95> not available
(Font)              Font shape `OT1/ptm/b/n' tried instead on input line 72.
LaTeX Font Info:    Font shape `OT1/ptm/bx/n' in size <8> not available
(Font)              Font shape `OT1/ptm/b/n' tried instead on input line 72.
LaTeX Font Info:    Font shape `OT1/ptm/bx/n' in size <6> not available
(Font)              Font shape `OT1/ptm/b/n' tried instead on input line 72.
LaTeX Font Info:    Trying to load font information for T1+lmtt on input line 72.
 (C:\Program Files\MiKTeX\tex/latex/lm\t1lmtt.fd
File: t1lmtt.fd 2015/05/01 v1.6.1 Font defs for Latin Modern
)

[1



{C:/Users/kheir/AppData/Local/MiKTeX/fonts/map/pdftex/pdftex.map}{C:/Program Files/MiKTeX/fonts/enc/dvips/lm/lm-ec.enc}{C:/Program Files/MiKTeX/fonts/enc/dvips/lm/lm-ts1.enc} <./graphics/hhn_en.png>]
*geometry* verbose mode - [ newgeometry ] result:
* driver: pdftex
* paper: <default>
* layout: <same size as paper>
* layoutoffset:(h,v)=(0.0pt,0.0pt)
* modes: 
* h-part:(L,W,R)=(85.35826pt, 469.47055pt, 42.67912pt)
* v-part:(T,H,B)=(71.13188pt, 702.78317pt, 71.13188pt)
* \paperwidth=597.50793pt
* \paperheight=845.04694pt
* \textwidth=469.47055pt
* \textheight=702.78317pt
* \oddsidemargin=13.08827pt
* \evensidemargin=13.08827pt
* \topmargin=-41.0131pt
* \headheight=18.125pt
* \headsep=21.75pt
* \topskip=12.0pt
* \footskip=50.75pt
* \marginparwidth=49.79233pt
* \marginparsep=12.8401pt
* \columnsep=10.0pt
* \skip\footins=10.8pt plus 4.0pt minus 2.0pt
* \hoffset=0.0pt
* \voffset=0.0pt
* \mag=1000
* \@twocolumnfalse
* \@twosidefalse
* \@mparswitchfalse
* \@reversemarginfalse
* (1in=72.27pt=25.4mm, 1cm=28.453pt)

 (main.toc
LaTeX Font Info:    External font `lmex10' loaded for size
(Font)              <9> on input line 9.
LaTeX Font Info:    External font `lmex10' loaded for size
(Font)              <7> on input line 9.
LaTeX Font Info:    Font shape `OT1/ptm/bx/n' in size <9> not available
(Font)              Font shape `OT1/ptm/b/n' tried instead on input line 9.
LaTeX Font Info:    Font shape `OT1/ptm/bx/n' in size <7> not available
(Font)              Font shape `OT1/ptm/b/n' tried instead on input line 9.



Package scrlayer-scrpage Warning: \headheight to low.
(scrlayer-scrpage)                At least 28.99998pt needed,
(scrlayer-scrpage)                but only 18.125pt found.
(scrlayer-scrpage)                I'll enlarge \headheight, for further
(scrlayer-scrpage)                processing, but you should do this yourself,
(scrlayer-scrpage)                e.g., setting geometry's option
(scrlayer-scrpage)                `head=28.99998pt'.
(scrlayer-scrpage)                I'll also decrease \topmargin on input line 48.


Overfull \vbox (10.87498pt too high) has occurred while \output is active []

 [2


])
\tf@toc=\write4
\openout4 = `main.toc'.



[3]

[4

] (main.lof)
\tf@lof=\write5
\openout5 = `main.lof'.



[5

] (main.lot)
\tf@lot=\write6
\openout6 = `main.lot'.




Package scrlayer-scrpage Warning: \headheight to low.
(scrlayer-scrpage)                At least 35.9889pt needed,
(scrlayer-scrpage)                but only 28.99998pt found.
(scrlayer-scrpage)                I'll enlarge \headheight, for further
(scrlayer-scrpage)                processing, but you should do this yourself,
(scrlayer-scrpage)                e.g., setting geometry's option
(scrlayer-scrpage)                `head=35.9889pt'.
(scrlayer-scrpage)                I'll also decrease \topmargin on input line 88.


Overfull \vbox (6.98892pt too high) has occurred while \output is active []

 [6

]
chapter without number

Underfull \hbox (badness 10000) in paragraph at lines 91--95

 []


Underfull \hbox (badness 10000) in paragraph at lines 91--95

 []


Underfull \hbox (badness 10000) in paragraph at lines 91--95

 []



[7

]
\openout2 = `Introduction/introdution.aux'.

 (Introduction/introdution.tex
chapter 1.

Overfull \hbox (7.27277pt too wide) in paragraph at lines 3--5
\T1/lmr/m/n/12 In the rapidly evolv-ing land-scape of VR[], spear-headed by in-dus-try be-he-moths such as Meta [[]],
 []


Underfull \hbox (badness 10000) in paragraph at lines 3--5

 []


Underfull \hbox (badness 10000) in paragraph at lines 3--5

 []


Underfull \hbox (badness 10000) in paragraph at lines 8--24

 []



[1


])
Underfull \hbox (badness 10000) in paragraph at lines 27--104

 []


Underfull \hbox (badness 10000) in paragraph at lines 27--104

 []



[2]
\openout2 = `Background/Background.aux'.

 (Background/Background.tex
chapter 2.
<Background/Quest-3-controllers.png.jpg, id=323, 542.025pt x 542.025pt>
File: Background/Quest-3-controllers.png.jpg Graphic file (type jpg)
<use Background/Quest-3-controllers.png.jpg>
Package pdftex.def Info: Background/Quest-3-controllers.png.jpg  used on input line 11.
(pdftex.def)             Requested size: 78.87172pt x 78.86867pt.
<Background/ps4_controller_png_13_1058.png, id=326, 160.6pt x 106.3975pt>
File: Background/ps4_controller_png_13_1058.png Graphic file (type png)
<use Background/ps4_controller_png_13_1058.png>
Package pdftex.def Info: Background/ps4_controller_png_13_1058.png  used on input line 18.
(pdftex.def)             Requested size: 90.13615pt x 59.71693pt.
<Background/kisspng-htc-vive-playstation-vr-head-mounted-display-oculu-vive-controller-accessories-5b45845dcff760.0171668615312825258518-removebg-preview.png, id=329, 233.87375pt x 270.00874pt>
File: Background/kisspng-htc-vive-playstation-vr-head-mounted-display-oculu-vive-controller-accessories-5b45845dcff760.0171668615312825258518-removebg-preview.png Graphic file (type png)
<use Background/kisspng-htc-vive-playstation-vr-head-mounted-display-oculu-vive-controller-accessories-5b45845dcff760.0171668615312825258518-removebg-preview.png>
Package pdftex.def Info: Background/kisspng-htc-vive-playstation-vr-head-mounted-display-oculu-vive-controller-accessories-5b45845dcff760.0171668615312825258518-removebg-preview.png  used on input line 28.
(pdftex.def)             Requested size: 67.60384pt x 78.0492pt.
<Background/head-removebg-preview.png, id=332, 340.27126pt x 184.69pt>
File: Background/head-removebg-preview.png Graphic file (type png)
<use Background/head-removebg-preview.png>
Package pdftex.def Info: Background/head-removebg-preview.png  used on input line 33.
(pdftex.def)             Requested size: 108.16408pt x 58.70746pt.

Underfull \hbox (badness 10000) in paragraph at lines 4--41

 []

<Background/freehand_Blink.png, id=336, 662.475pt x 301.125pt>
File: Background/freehand_Blink.png Graphic file (type png)
<use Background/freehand_Blink.png>
Package pdftex.def Info: Background/freehand_Blink.png  used on input line 44.
(pdftex.def)             Requested size: 328.62794pt x 149.37666pt.

LaTeX Warning: `!h' float specifier changed to `!ht'.


Underfull \hbox (badness 10000) in paragraph at lines 48--54

 []


Underfull \hbox (badness 10000) in paragraph at lines 48--54

 []


Underfull \hbox (badness 10000) in paragraph at lines 48--54

 []


Underfull \hbox (badness 10000) in paragraph at lines 48--54

 []



[3




 <./Background/Quest-3-controllers.png.jpg> <./Background/ps4_controller_png_13_1058.png> <./Background/kisspng-htc-vive-playstation-vr-head-mounted-display-oculu-vive-controller-accessories-5b45845dcff760.0171668615312825258518-removebg-preview.png> <./Background/head-removebg-preview.png>]

[4 <./Background/freehand_Blink.png>]
Underfull \hbox (badness 10000) in paragraph at lines 58--63

 []


Underfull \hbox (badness 10000) in paragraph at lines 58--63

 []


Underfull \hbox (badness 10000) in paragraph at lines 58--63

 []


Underfull \hbox (badness 10000) in paragraph at lines 58--63

 []



[5]
Underfull \hbox (badness 10000) in paragraph at lines 65--70

 []


Underfull \hbox (badness 10000) in paragraph at lines 65--70

 []


Underfull \hbox (badness 10000) in paragraph at lines 65--70

 []


Underfull \hbox (badness 10000) in paragraph at lines 65--70

 []



[6]
Underfull \hbox (badness 10000) in paragraph at lines 74--78

 []


Underfull \hbox (badness 10000) in paragraph at lines 74--78

 []


Underfull \hbox (badness 10000) in paragraph at lines 74--78

 []


Underfull \hbox (badness 10000) in paragraph at lines 81--85

 []


Underfull \hbox (badness 10000) in paragraph at lines 81--85

 []


Underfull \hbox (badness 10000) in paragraph at lines 81--85

 []



[7]

[8]
Underfull \hbox (badness 10000) in paragraph at lines 93--95

 []


Underfull \hbox (badness 10000) in paragraph at lines 97--100

 []


Underfull \hbox (badness 10000) in paragraph at lines 97--100

 []


Underfull \hbox (badness 10000) in paragraph at lines 105--110

 []


Underfull \hbox (badness 10000) in paragraph at lines 105--110

 []


Underfull \hbox (badness 10000) in paragraph at lines 105--110

 []


Underfull \hbox (badness 10000) in paragraph at lines 105--110

 []



[9{C:/Program Files/MiKTeX/fonts/enc/dvips/lm/lm-rm.enc}{C:/Program Files/MiKTeX/fonts/enc/dvips/lm/lm-mathex.enc}{C:/Program Files/MiKTeX/fonts/enc/dvips/lm/lm-mathsy.enc}{C:/Program Files/MiKTeX/fonts/enc/dvips/lm/lm-mathit.enc}]

[10]
Underfull \hbox (badness 10000) in paragraph at lines 119--123

 []


Underfull \hbox (badness 10000) in paragraph at lines 119--123

 []


Underfull \hbox (badness 10000) in paragraph at lines 119--123

 []



[11]
Underfull \hbox (badness 10000) in paragraph at lines 127--129

 []


Underfull \hbox (badness 10000) in paragraph at lines 143--147

 []


Underfull \hbox (badness 10000) in paragraph at lines 143--147

 []


Underfull \hbox (badness 10000) in paragraph at lines 143--147

 []



[12]
Underfull \hbox (badness 10000) in paragraph at lines 151--154

 []


Underfull \hbox (badness 10000) in paragraph at lines 151--154

 []

)

[13]

[14]
\openout2 = `Approach/Approach.aux'.


No file Approach/Approach.tex.
\openout2 = `HapticImplementation/hapticImplementation.aux'.

(HapticImplementation/hapticImplementation.tex
chapter 3.


[15







]
Underfull \hbox (badness 10000) in paragraph at lines 33--35

 []



[16]

[17])
Underfull \hbox (badness 10000) in paragraph at lines 63--108

 []



[18]
\openout2 = `Development/HardwareSelection.aux'.

 (Development/HardwareSelection.tex
chapter 4.

Underfull \hbox (badness 10000) in paragraph at lines 15--15
[]\T1/lmr/bx/n/12 Resolution
 []


Underfull \hbox (badness 10000) in paragraph at lines 15--15
[]\T1/lmr/bx/n/12 Refresh
 []


Underfull \hbox (badness 5231) in paragraph at lines 17--17
[]\T1/lmr/m/n/12 6DoF outside-in (base
 []


Underfull \hbox (badness 7631) in paragraph at lines 18--18
[]\T1/lmr/m/n/12 6DoF outside-in (sen-
 []


Underfull \hbox (badness 10000) in paragraph at lines 19--19
[]\T1/lmr/m/n/12 Up to
 []


Underfull \hbox (badness 10000) in paragraph at lines 20--20
[]\T1/lmr/m/n/12 PlayStation
 []


Underfull \hbox (badness 10000) in paragraph at lines 23--23
[]\T1/lmr/m/n/12 HTC Elite
 []


Underfull \hbox (badness 10000) in paragraph at lines 24--24
[]\T1/lmr/m/n/12 Micro-
 []


Underfull \hbox (badness 10000) in paragraph at lines 24--24
[]\T1/lmr/m/n/12 1920x1920 (fo-
 []


Underfull \hbox (badness 6016) in paragraph at lines 24--24
\T1/lmr/m/n/12 2880x2720 (pe-
 []


Underfull \hbox (badness 4316) in paragraph at lines 24--24
[]\T1/lmr/m/n/12 6DoF inside-out (in-te-
 []


Underfull \hbox (badness 10000) in paragraph at lines 25--25
[]\T1/lmr/m/n/12 Samsung
 []


Underfull \hbox (badness 10000) in paragraph at lines 26--26
[]\T1/lmr/m/n/12 HP Re-verb
 []


LaTeX Warning: `!h' float specifier changed to `!ht'.


Underfull \hbox (badness 2818) in paragraph at lines 37--37
[]\T1/lmr/m/n/12 2 6DoF Touch
 []


Underfull \hbox (badness 10000) in paragraph at lines 37--37
[]\T1/lmr/m/n/12 Hand track-ing, WiFi
 []


Underfull \hbox (badness 2689) in paragraph at lines 38--38
[]\T1/lmr/m/n/12 Expandable with wire-less
 []


Underfull \hbox (badness 2818) in paragraph at lines 39--39
[]\T1/lmr/m/n/12 2 6DoF Touch
 []


Underfull \hbox (badness 7522) in paragraph at lines 39--39
[]\T1/lmr/m/n/12 Oculus Store in-te-gra-tion
 []


Underfull \hbox (badness 10000) in paragraph at lines 40--40
[]\T1/lmr/m/n/12 2 ad-vanced
 []


Underfull \hbox (badness 10000) in paragraph at lines 40--40
\T1/lmr/m/n/12 6DoF (fin-ger
 []


Underfull \hbox (badness 10000) in paragraph at lines 41--41
[]\T1/lmr/m/n/12 PlayStation
 []


Underfull \hbox (badness 3386) in paragraph at lines 41--41
[]\T1/lmr/m/n/12 Adaptive trig-gers, hap-tic
 []


Underfull \hbox (badness 3838) in paragraph at lines 42--42
[]\T1/lmr/m/n/12 WiFi 6, Blue-
 []


Underfull \hbox (badness 3838) in paragraph at lines 43--43
[]\T1/lmr/m/n/12 WiFi 6, Blue-
 []


Underfull \hbox (badness 10000) in paragraph at lines 44--44
[]\T1/lmr/m/n/12 HTC Elite
 []


Underfull \hbox (badness 3838) in paragraph at lines 44--44
[]\T1/lmr/m/n/12 WiFi 6, Blue-
 []


Underfull \hbox (badness 10000) in paragraph at lines 45--45
[]\T1/lmr/m/n/12 Professional-
 []


Underfull \hbox (badness 1072) in paragraph at lines 45--45
[]\T1/lmr/m/n/12 Ethernet, USB-
 []


Underfull \hbox (badness 10000) in paragraph at lines 45--45
[]\T1/lmr/m/n/12 High-fidelity fo-cus area,
 []


Underfull \hbox (badness 10000) in paragraph at lines 46--46
[]\T1/lmr/m/n/12 Samsung
 []


Underfull \hbox (badness 10000) in paragraph at lines 47--47
[]\T1/lmr/m/n/12 HP Re-verb
 []


LaTeX Warning: `!h' float specifier changed to `!ht'.



[19




]

[20]

[21]
<Development/senstations.PNG, id=571, 670.30424pt x 373.99725pt>
File: Development/senstations.PNG Graphic file (type png)
<use Development/senstations.PNG>
Package pdftex.def Info: Development/senstations.PNG  used on input line 65.
(pdftex.def)             Requested size: 375.57787pt x 209.55685pt.
<Development/sense-glove-nova-set.jpg, id=574, 340.27126pt x 340.27126pt>
File: Development/sense-glove-nova-set.jpg Graphic file (type jpg)
<use Development/sense-glove-nova-set.jpg>
Package pdftex.def Info: Development/sense-glove-nova-set.jpg  used on input line 77.
(pdftex.def)             Requested size: 164.31755pt x 164.31483pt.


[22

 <./Development/senstations.PNG>]
Underfull \hbox (badness 10000) in paragraph at lines 88--91

 []



[23 <./Development/sense-glove-nova-set.jpg>]

[24]
Underfull \hbox (badness 10000) in paragraph at lines 132--134

 []

)

[25]
\openout2 = `Development/Conception.aux'.

 (Development/Conception.tex
chapter 5.
<Development/Picture1.jpg, id=616, 388.6155pt x 265.0995pt>
File: Development/Picture1.jpg Graphic file (type jpg)
<use Development/Picture1.jpg>
Package pdftex.def Info: Development/Picture1.jpg  used on input line 13.
(pdftex.def)             Requested size: 375.57787pt x 256.21582pt.


[26




 <./Development/Picture1.jpg>]
Underfull \hbox (badness 10000) in paragraph at lines 25--25
[]\T1/lmr/m/n/12 Login/Initialize VR
 []


Underfull \hbox (badness 10000) in paragraph at lines 27--27
[]\T1/lmr/m/n/12 Enter VR Typ-ing
 []



[27]
<Development/networkDiagram.png, id=627, 371.5335pt x 250.6455pt>
File: Development/networkDiagram.png Graphic file (type png)
<use Development/networkDiagram.png>
Package pdftex.def Info: Development/networkDiagram.png  used on input line 56.
(pdftex.def)             Requested size: 469.47055pt x 316.71375pt.


[28

 <./Development/networkDiagram.png>]
Underfull \hbox (badness 10000) in paragraph at lines 71--71
[]\T1/lmr/m/n/12 SenseGlove
 []


Underfull \hbox (badness 10000) in paragraph at lines 73--73
[]\T1/lmr/m/n/12 Wireless Net-
 []


Underfull \hbox (badness 10000) in paragraph at lines 79--79
[]\T1/lmr/m/n/12 Head-Mounted
 []


Underfull \hbox (badness 10000) in paragraph at lines 90--93

 []


Underfull \hbox (badness 10000) in paragraph at lines 90--93

 []



[29

]
<Development/keyboard_size.png, id=643, 636.12656pt x 589.4522pt>
File: Development/keyboard_size.png Graphic file (type png)
<use Development/keyboard_size.png>
Package pdftex.def Info: Development/keyboard_size.png  used on input line 100.
(pdftex.def)             Requested size: 328.62794pt x 304.51117pt.

Underfull \hbox (badness 10000) in paragraph at lines 104--106

 []


Underfull \hbox (badness 10000) in paragraph at lines 104--106

 []



[30 <./Development/keyboard_size.png>]
<Development/keybordViewPort.PNG, id=653, 711.8595pt x 338.4645pt>
File: Development/keybordViewPort.PNG Graphic file (type png)
<use Development/keybordViewPort.PNG>
Package pdftex.def Info: Development/keybordViewPort.PNG  used on input line 109.
(pdftex.def)             Requested size: 328.62794pt x 156.25333pt.

Underfull \hbox (badness 10000) in paragraph at lines 117--119

 []


Underfull \hbox (badness 10000) in paragraph at lines 117--119

 []


Underfull \hbox (badness 10000) in paragraph at lines 117--119

 []



[31 <./Development/keybordViewPort.PNG>]
<Development/keyboard_image2.PNG, id=665, 542.62724pt x 318.59026pt>
File: Development/keyboard_image2.PNG Graphic file (type png)
<use Development/keyboard_image2.PNG>
Package pdftex.def Info: Development/keyboard_image2.PNG  used on input line 122.
(pdftex.def)             Requested size: 469.47055pt x 275.63512pt.

Underfull \hbox (badness 10000) in paragraph at lines 127--131

 []


Underfull \hbox (badness 10000) in paragraph at lines 127--131

 []



[32 <./Development/keyboard_image2.PNG>]
<Development/key_AfterAnimation.PNG, id=677, 339.06676pt x 263.7855pt>
File: Development/key_AfterAnimation.PNG Graphic file (type png)
<use Development/key_AfterAnimation.PNG>
Package pdftex.def Info: Development/key_AfterAnimation.PNG  used on input line 139.
(pdftex.def)             Requested size: 375.57787pt x 292.18953pt.

Underfull \hbox (badness 10000) in paragraph at lines 135--142

 []


LaTeX Warning: `!h' float specifier changed to `!ht'.


Underfull \hbox (badness 10000) in paragraph at lines 143--149

 []


Underfull \hbox (badness 10000) in paragraph at lines 143--149

 []


Underfull \hbox (badness 10000) in paragraph at lines 143--149

 []


Underfull \hbox (badness 10000) in paragraph at lines 143--149

 []


Underfull \hbox (badness 10000) in paragraph at lines 143--149

 []


Underfull \hbox (badness 10000) in paragraph at lines 143--149

 []


Underfull \hbox (badness 10000) in paragraph at lines 143--149

 []


Underfull \hbox (badness 10000) in paragraph at lines 143--149

 []



[33]
Underfull \hbox (badness 10000) in paragraph at lines 158--162

 []



[34 <./Development/key_AfterAnimation.PNG>]
<Development/frequency_changes.png, id=695, 722.7pt x 433.62pt>
File: Development/frequency_changes.png Graphic file (type png)
<use Development/frequency_changes.png>
Package pdftex.def Info: Development/frequency_changes.png  used on input line 175.
(pdftex.def)             Requested size: 375.57787pt x 225.34474pt.

Underfull \hbox (badness 10000) in paragraph at lines 181--184

 []

<Development/semitone_shifts.png, id=697, 722.7pt x 433.62pt>
File: Development/semitone_shifts.png Graphic file (type png)
<use Development/semitone_shifts.png>
Package pdftex.def Info: Development/semitone_shifts.png  used on input line 192.
(pdftex.def)             Requested size: 375.57787pt x 225.34474pt.

Underfull \hbox (badness 10000) in paragraph at lines 186--195

 []


Underfull \hbox (badness 10000) in paragraph at lines 186--195

 []



[35 <./Development/frequency_changes.png>]

[36 <./Development/semitone_shifts.png>]
<Development/waveform_comparison_combined.png, id=719, 1011.78pt x 722.7pt>
File: Development/waveform_comparison_combined.png Graphic file (type png)
<use Development/waveform_comparison_combined.png>
Package pdftex.def Info: Development/waveform_comparison_combined.png  used on input line 213.
(pdftex.def)             Requested size: 375.57787pt x 268.27701pt.

Underfull \hbox (badness 10000) in paragraph at lines 216--219

 []


Underfull \hbox (badness 10000) in paragraph at lines 216--219

 []


Underfull \hbox (badness 10000) in paragraph at lines 216--219

 []



[37 <./Development/waveform_comparison_combined.png>]
<Development/Edge_keypart.PNG, id=725, 1035.87pt x 274.626pt>
File: Development/Edge_keypart.PNG Graphic file (type png)
<use Development/Edge_keypart.PNG>
Package pdftex.def Info: Development/Edge_keypart.PNG  used on input line 233.
(pdftex.def)             Requested size: 469.47055pt x 124.46474pt.
<Development/Key_part_near_to_the_center.PNG, id=726, 1058.7555pt x 325.215pt>
File: Development/Key_part_near_to_the_center.PNG Graphic file (type png)
<use Development/Key_part_near_to_the_center.PNG>
Package pdftex.def Info: Development/Key_part_near_to_the_center.PNG  used on input line 245.
(pdftex.def)             Requested size: 469.47055pt x 144.20164pt.
<Development/Capture_more_near_to_the_center.PNG, id=727, 1044.90375pt x 363.15675pt>
File: Development/Capture_more_near_to_the_center.PNG Graphic file (type png)
<use Development/Capture_more_near_to_the_center.PNG>
Package pdftex.def Info: Development/Capture_more_near_to_the_center.PNG  used on input line 251.
(pdftex.def)             Requested size: 469.47055pt x 163.16412pt.


LaTeX Warning: `!h' float specifier changed to `!ht'.



[38 <./Development/Edge_keypart.PNG> <./Development/Key_part_near_to_the_center.PNG>]
Underfull \hbox (badness 10000) in paragraph at lines 260--263

 []



[39 <./Development/Capture_more_near_to_the_center.PNG>]
<Development/Color_ThumbCap.PNG, id=751, 719.0865pt x 352.9185pt>
File: Development/Color_ThumbCap.PNG Graphic file (type png)
<use Development/Color_ThumbCap.PNG>
Package pdftex.def Info: Development/Color_ThumbCap.PNG  used on input line 286.
(pdftex.def)             Requested size: 469.47055pt x 230.41208pt.


[40 <./Development/Color_ThumbCap.PNG>]

[41])

[42]
\openout2 = `Scenario/Scenario.aux'.

 (Scenario/Scenario.tex
chapter 6.
<Scenario/MRTK_KEyboard.PNG, id=786, 467.94826pt x 209.583pt>
File: Scenario/MRTK_KEyboard.PNG Graphic file (type png)
<use Scenario/MRTK_KEyboard.PNG>
Package pdftex.def Info: Scenario/MRTK_KEyboard.PNG  used on input line 12.
(pdftex.def)             Requested size: 375.57787pt x 168.21347pt.
<Scenario/Custom_keyboard.PNG, id=788, 498.06075pt x 355.92975pt>
File: Scenario/Custom_keyboard.PNG Graphic file (type png)
<use Scenario/Custom_keyboard.PNG>
Package pdftex.def Info: Scenario/Custom_keyboard.PNG  used on input line 19.
(pdftex.def)             Requested size: 375.57787pt x 268.41304pt.

Underfull \hbox (badness 10000) in paragraph at lines 9--25

 []


Underfull \hbox (badness 10000) in paragraph at lines 9--25

 []


Underfull \hbox (badness 10000) in paragraph at lines 9--25

 []



[43




 <./Scenario/MRTK_KEyboard.PNG>]

[44 <./Scenario/Custom_keyboard.PNG>]

[45]

[46]
<Scenario/scenario_PDF2.pdf, id=813, 1081.78151pt x 2834.81888pt>
File: Scenario/scenario_PDF2.pdf Graphic file (type pdf)
<use Scenario/scenario_PDF2.pdf>
Package pdftex.def Info: Scenario/scenario_PDF2.pdf  used on input line 101.
(pdftex.def)             Requested size: 1081.77887pt x 2834.812pt.
File: Scenario/scenario_PDF2.pdf Graphic file (type pdf)
<use Scenario/scenario_PDF2.pdf>
Package pdftex.def Info: Scenario/scenario_PDF2.pdf  used on input line 101.
(pdftex.def)             Requested size: 1081.77887pt x 2834.812pt.
<Scenario/scenario_PDF2.pdf, id=816, page=1, 1081.78151pt x 2834.81888pt>
File: Scenario/scenario_PDF2.pdf Graphic file (type pdf)
<use Scenario/scenario_PDF2.pdf, page 1>
Package pdftex.def Info: Scenario/scenario_PDF2.pdf , page1 used on input line 101.
(pdftex.def)             Requested size: 1081.77887pt x 2834.812pt.
File: Scenario/scenario_PDF2.pdf Graphic file (type pdf)
<use Scenario/scenario_PDF2.pdf, page 1>
Package pdftex.def Info: Scenario/scenario_PDF2.pdf , page1 used on input line 101.
(pdftex.def)             Requested size: 1082.07599pt x 2835.59059pt.


[47]
File: Scenario/scenario_PDF2.pdf Graphic file (type pdf)
<use Scenario/scenario_PDF2.pdf, page 1>
Package pdftex.def Info: Scenario/scenario_PDF2.pdf , page1 used on input line 101.
(pdftex.def)             Requested size: 1082.07599pt x 2835.59059pt.
File: Scenario/scenario_PDF2.pdf Graphic file (type pdf)
<use Scenario/scenario_PDF2.pdf, page 1>
Package pdftex.def Info: Scenario/scenario_PDF2.pdf , page1 used on input line 101.
(pdftex.def)             Requested size: 1082.07599pt x 2835.59059pt.


File: Scenario/scenario_PDF2.pdf Graphic file (type pdf)
<use Scenario/scenario_PDF2.pdf, page 1>
Package pdftex.def Info: Scenario/scenario_PDF2.pdf , page1 used on input line 101.
(pdftex.def)             Requested size: 1082.07599pt x 2835.59059pt.
[48

 <./Scenario/scenario_PDF2.pdf>]

[49]

[50]
Overfull \hbox (2.53528pt too wide) in paragraph at lines 173--174
[]\T1/lmr/bx/n/12 Keystroke-level ac-cu-racy: \T1/lmr/m/n/12 The ac-cu-racy based on the num-ber of in-cor-rect keystrokes
 []

<Scenario/Correct_Phrase.PNG, id=866, 446.26724pt x 221.02576pt>
File: Scenario/Correct_Phrase.PNG Graphic file (type png)
<use Scenario/Correct_Phrase.PNG>
Package pdftex.def Info: Scenario/Correct_Phrase.PNG  used on input line 187.
(pdftex.def)             Requested size: 211.26031pt x 104.63083pt.
<Scenario/wrong_Phrase.PNG, id=867, 441.44925pt x 216.81pt>
File: Scenario/wrong_Phrase.PNG Graphic file (type png)
<use Scenario/wrong_Phrase.PNG>
Package pdftex.def Info: Scenario/wrong_Phrase.PNG  used on input line 194.
(pdftex.def)             Requested size: 211.26031pt x 103.75664pt.

LaTeX Warning: `h' float specifier changed to `ht'.



[51]

[52 <./Scenario/Correct_Phrase.PNG> <./Scenario/wrong_Phrase.PNG>]

[53

]

[54])
Underfull \hbox (badness 10000) in paragraph at lines 331--112

 []


Underfull \hbox (badness 10000) in paragraph at lines 331--112

 []


Underfull \hbox (badness 10000) in paragraph at lines 331--112

 []



[55]

[56]
\openout2 = `DiscussionResults/discussionResutts.aux'.

 (DiscussionResults/discussionResutts.tex
chapter 7.
)

[57




]
chapter 8.
(main.bbl

[58



]
chapter without number


[59

]

[60]

[61]

[62]

[63])

[64] (main.aux (Introduction/introdution.aux) (Background/Background.aux) (Approach/Approach.aux) (HapticImplementation/hapticImplementation.aux) (Development/HardwareSelection.aux) (Development/Conception.aux) (Scenario/Scenario.aux) (DiscussionResults/discussionResutts.aux))
 ***********
LaTeX2e <2024-06-01> patch level 1
L3 programming layer <2024-05-27>
 ***********


LaTeX Warning: There were multiply-defined labels.

Package rerunfilecheck Info: File `main.out' has not changed.
(rerunfilecheck)             Checksum: D41D8CD98F00B204E9800998ECF8427E;0.
 ) 
Here is how much of TeX's memory you used:
 26269 strings out of 473919
 583849 string characters out of 5736768
 1956908 words of memory out of 5000000
 48372 multiletter control sequences out of 15000+600000
 651412 words of font info for 122 fonts, out of 8000000 for 9000
 1141 hyphenation exceptions out of 8191
 108i,20n,130p,10990b,766s stack positions out of 10000i,1000n,20000p,200000b,200000s
<C:/Program Files/MiKTeX/fonts/type1/public/amsfonts/cm/cmb10.pfb><C:/Program Files/MiKTeX/fonts/type1/public/amsfonts/cm/cmmi10.pfb><C:/Program Files/MiKTeX/fonts/type1/public/amsfonts/cm/cmr10.pfb><C:/Program Files/MiKTeX/fonts/type1/public/lm/lmbx12.pfb><C:/Program Files/MiKTeX/fonts/type1/public/lm/lmex10.pfb><C:/Program Files/MiKTeX/fonts/type1/public/lm/lmmi12.pfb><C:/Program Files/MiKTeX/fonts/type1/public/lm/lmmi7.pfb><C:/Program Files/MiKTeX/fonts/type1/public/lm/lmmi9.pfb><C:/Program Files/MiKTeX/fonts/type1/public/lm/lmr10.pfb><C:/Program Files/MiKTeX/fonts/type1/public/lm/lmr12.pfb><C:/Program Files/MiKTeX/fonts/type1/public/lm/lmr17.pfb><C:/Program Files/MiKTeX/fonts/type1/public/lm/lmr7.pfb><C:/Program Files/MiKTeX/fonts/type1/public/lm/lmr8.pfb><C:/Program Files/MiKTeX/fonts/type1/public/lm/lmr9.pfb><C:/Program Files/MiKTeX/fonts/type1/public/lm/lmri12.pfb><C:/Program Files/MiKTeX/fonts/type1/public/lm/lmro12.pfb><C:/Program Files/MiKTeX/fonts/type1/public/lm/lmssbx10.pfb><C:/Program Files/MiKTeX/fonts/type1/public/lm/lmsy10.pfb><C:/Program Files/MiKTeX/fonts/type1/public/lm/lmsy9.pfb><C:/Program Files/MiKTeX/fonts/type1/public/lm/lmtt10.pfb><C:/Program Files/MiKTeX/fonts/type1/public/lm/lmtt12.pfb>
Output written on main.pdf (71 pages, 3951624 bytes).
PDF statistics:
 1385 PDF objects out of 1440 (max. 8388607)
 353 named destinations out of 1000 (max. 500000)
 802 words of extra memory for PDF output out of 10000 (max. 10000000)

